ERROR: [8] Undefined index: va
Notice on line 31 in file /opt/lampp/htdocs/www/EDEN/module/shop/controller/controllershop.php
 | 29.03.2019 08:40:06  |  User:   | home_model | response 200
ERROR: [8] Constant SITE_ROOT already defined
Notice on line 8 in file /opt/lampp/htdocs/www/EDEN/module/shop/model/model/shop_model.class.singleton.php
 | 29.03.2019 08:40:06  |  User:   | shop_model | response 200
ERROR: [8] Undefined index: prov
Notice on line 32 in file /opt/lampp/htdocs/www/EDEN/module/shop/controller/controllershop.php
 | 29.03.2019 08:58:40  |  User:   | shop | response 200
ERROR: [8] Undefined index: prov
Notice on line 32 in file /opt/lampp/htdocs/www/EDEN/module/shop/controller/controllershop.php
 | 29.03.2019 08:59:26  |  User:   | shop | response 200
ERROR: [8] Undefined index: prov
Notice on line 32 in file /opt/lampp/htdocs/www/EDEN/module/shop/controller/controllershop.php
 | 29.03.2019 09:00:51  |  User:   | shop | response 200
ERROR: [8] Undefined index: prov
Notice on line 32 in file /opt/lampp/htdocs/www/EDEN/module/shop/controller/controllershop.php
 | 29.03.2019 09:01:06  |  User:  joamahiques@gmail.com | shop | response 200
ERROR: [8] Undefined index: prov
Notice on line 32 in file /opt/lampp/htdocs/www/EDEN/module/shop/controller/controllershop.php
 | 29.03.2019 09:02:28  |  User:  joamahiques@gmail.com | shop | response 200
ERROR: [8] Undefined index: prov
Notice on line 32 in file /opt/lampp/htdocs/www/EDEN/module/shop/controller/controllershop.php
 | 29.03.2019 09:02:43  |  User:  joamahiques@gmail.com | shop | response 200
ERROR: [8] Undefined index: prov
Notice on line 32 in file /opt/lampp/htdocs/www/EDEN/module/shop/controller/controllershop.php
 | 29.03.2019 09:03:37  |  User:  joamahiques@gmail.com | shop | response 200
ERROR: [8] Undefined index: prov
Notice on line 32 in file /opt/lampp/htdocs/www/EDEN/module/shop/controller/controllershop.php
 | 29.03.2019 09:03:45  |  User:  joamahiques@gmail.com | shop | response 200
ERROR: [8] Undefined index: prov
Notice on line 32 in file /opt/lampp/htdocs/www/EDEN/module/shop/controller/controllershop.php
 | 29.03.2019 09:03:54  |  User:  joamahiques@gmail.com | shop | response 200
ERROR: [8] Undefined index: prov
Notice on line 32 in file /opt/lampp/htdocs/www/EDEN/module/shop/controller/controllershop.php
 | 29.03.2019 09:04:01  |  User:  joamahiques@gmail.com | shop | response 200
ERROR: [8] Undefined index: prov
Notice on line 32 in file /opt/lampp/htdocs/www/EDEN/module/shop/controller/controllershop.php
 | 29.03.2019 09:04:11  |  User:  joamahiques@gmail.com | shop | response 200
ERROR: [8] Undefined variable: provi
Notice on line 44 in file /opt/lampp/htdocs/www/EDEN/module/shop/controller/controller_shop.class.php
 | 28.04.2019 06:41:09  |  User:   | shop | response 200
ERROR: [8] Undefined variable: provi
Notice on line 44 in file /opt/lampp/htdocs/www/EDEN/module/shop/controller/controller_shop.class.php
 | 28.04.2019 07:11:38  |  User:   | shop | response 200
ERROR: [8] Undefined variable: provi
Notice on line 44 in file /opt/lampp/htdocs/www/EDEN/module/shop/controller/controller_shop.class.php
 | 28.04.2019 07:13:48  |  User:   | shop | response 200
ERROR: [8] Use of undefined constant n - assumed 'n'
Notice on line 36 in file /opt/lampp/htdocs/www/EDEN/classes/jwt.class.singleton.php
 | 28.04.2019 07:19:36  |  User:   | profile | response 200
ERROR: [8] Use of undefined constant H - assumed 'H'
Notice on line 39 in file /opt/lampp/htdocs/www/EDEN/classes/jwt.class.singleton.php
 | 28.04.2019 07:19:36  |  User:   | profile | response 200
ERROR: [8] Use of undefined constant a - assumed 'a'
Notice on line 54 in file /opt/lampp/htdocs/www/EDEN/classes/jwt.class.singleton.php
 | 28.04.2019 07:19:36  |  User:   | profile | response 200
ERROR: [8] Use of undefined constant n - assumed 'n'
Notice on line 36 in file /opt/lampp/htdocs/www/EDEN/classes/jwt.class.singleton.php
 | 28.04.2019 07:19:36  |  User:   | profile | response 200
ERROR: [8] Use of undefined constant H - assumed 'H'
Notice on line 39 in file /opt/lampp/htdocs/www/EDEN/classes/jwt.class.singleton.php
 | 28.04.2019 07:19:36  |  User:   | profile | response 200
ERROR: [8] Use of undefined constant a - assumed 'a'
Notice on line 54 in file /opt/lampp/htdocs/www/EDEN/classes/jwt.class.singleton.php
 | 28.04.2019 07:19:36  |  User:   | profile | response 200
ERROR: [8] Undefined index: to
Notice on line 76 in file /opt/lampp/htdocs/www/EDEN/module/profile/controller/controller_profile.class.php
 | 28.04.2019 07:19:48  |  User:   | profile | response 200
ERROR: [8] Undefined index: t
Notice on line 76 in file /opt/lampp/htdocs/www/EDEN/module/profile/controller/controller_profile.class.php
 | 28.04.2019 07:22:29  |  User:   | profile | response 200
ERROR: [8] Use of undefined constant n - assumed 'n'
Notice on line 36 in file /opt/lampp/htdocs/www/EDEN/classes/jwt.class.singleton.php
 | 28.04.2019 07:27:53  |  User:   | profile | response 200
ERROR: [8] Use of undefined constant H - assumed 'H'
Notice on line 39 in file /opt/lampp/htdocs/www/EDEN/classes/jwt.class.singleton.php
 | 28.04.2019 07:27:53  |  User:   | profile | response 200
ERROR: [8] Use of undefined constant a - assumed 'a'
Notice on line 54 in file /opt/lampp/htdocs/www/EDEN/classes/jwt.class.singleton.php
 | 28.04.2019 07:27:53  |  User:   | profile | response 200
ERROR: [8] Use of undefined constant n - assumed 'n'
Notice on line 36 in file /opt/lampp/htdocs/www/EDEN/classes/jwt.class.singleton.php
 | 28.04.2019 07:27:53  |  User:   | profile | response 200
ERROR: [8] Use of undefined constant H - assumed 'H'
Notice on line 39 in file /opt/lampp/htdocs/www/EDEN/classes/jwt.class.singleton.php
 | 28.04.2019 07:27:53  |  User:   | profile | response 200
ERROR: [8] Use of undefined constant a - assumed 'a'
Notice on line 54 in file /opt/lampp/htdocs/www/EDEN/classes/jwt.class.singleton.php
 | 28.04.2019 07:27:53  |  User:   | profile | response 200
ERROR: [8] Use of undefined constant n - assumed 'n'
Notice on line 36 in file /opt/lampp/htdocs/www/EDEN/classes/jwt.class.singleton.php
 | 29.04.2019 10:24:41  |  User:   | profile | response 200
ERROR: [8] Use of undefined constant H - assumed 'H'
Notice on line 39 in file /opt/lampp/htdocs/www/EDEN/classes/jwt.class.singleton.php
 | 29.04.2019 10:24:41  |  User:   | profile | response 200
ERROR: [8] Use of undefined constant a - assumed 'a'
Notice on line 54 in file /opt/lampp/htdocs/www/EDEN/classes/jwt.class.singleton.php
 | 29.04.2019 10:24:41  |  User:   | profile | response 200
ERROR: [8] Use of undefined constant n - assumed 'n'
Notice on line 36 in file /opt/lampp/htdocs/www/EDEN/classes/jwt.class.singleton.php
 | 29.04.2019 10:24:41  |  User:   | profile | response 200
ERROR: [8] Use of undefined constant H - assumed 'H'
Notice on line 39 in file /opt/lampp/htdocs/www/EDEN/classes/jwt.class.singleton.php
 | 29.04.2019 10:24:41  |  User:   | profile | response 200
ERROR: [8] Use of undefined constant a - assumed 'a'
Notice on line 54 in file /opt/lampp/htdocs/www/EDEN/classes/jwt.class.singleton.php
 | 29.04.2019 10:24:41  |  User:   | profile | response 200
ERROR: [8] Use of undefined constant n - assumed 'n'
Notice on line 36 in file /opt/lampp/htdocs/www/EDEN/classes/jwt.class.singleton.php
 | 29.04.2019 10:25:42  |  User:   | profile | response 200
ERROR: [8] Use of undefined constant H - assumed 'H'
Notice on line 39 in file /opt/lampp/htdocs/www/EDEN/classes/jwt.class.singleton.php
 | 29.04.2019 10:25:42  |  User:   | profile | response 200
ERROR: [8] Use of undefined constant a - assumed 'a'
Notice on line 54 in file /opt/lampp/htdocs/www/EDEN/classes/jwt.class.singleton.php
 | 29.04.2019 10:25:42  |  User:   | profile | response 200
ERROR: [8] Use of undefined constant n - assumed 'n'
Notice on line 36 in file /opt/lampp/htdocs/www/EDEN/classes/jwt.class.singleton.php
 | 29.04.2019 10:25:42  |  User:   | profile | response 200
ERROR: [8] Use of undefined constant H - assumed 'H'
Notice on line 39 in file /opt/lampp/htdocs/www/EDEN/classes/jwt.class.singleton.php
 | 29.04.2019 10:25:42  |  User:   | profile | response 200
ERROR: [8] Use of undefined constant a - assumed 'a'
Notice on line 54 in file /opt/lampp/htdocs/www/EDEN/classes/jwt.class.singleton.php
 | 29.04.2019 10:25:42  |  User:   | profile | response 200
ERROR: [8] Undefined index: muni
Notice on line 61 in file /opt/lampp/htdocs/www/EDEN/module/shop/controller/controller_shop.class.php
 | 29.04.2019 10:26:43  |  User:   | shop | response 200
ERROR: [8] Use of undefined constant n - assumed 'n'
Notice on line 36 in file /opt/lampp/htdocs/www/EDEN/classes/jwt.class.singleton.php
 | 29.04.2019 11:20:55  |  User:   | login | response 200
ERROR: [8] Use of undefined constant H - assumed 'H'
Notice on line 39 in file /opt/lampp/htdocs/www/EDEN/classes/jwt.class.singleton.php
 | 29.04.2019 11:20:55  |  User:   | login | response 200
ERROR: [8] Use of undefined constant a - assumed 'a'
Notice on line 54 in file /opt/lampp/htdocs/www/EDEN/classes/jwt.class.singleton.php
 | 29.04.2019 11:20:55  |  User:   | login | response 200
ERROR: [8] Use of undefined constant n - assumed 'n'
Notice on line 36 in file /opt/lampp/htdocs/www/EDEN/classes/jwt.class.singleton.php
 | 29.04.2019 11:20:55  |  User:   | login | response 200
ERROR: [8] Use of undefined constant H - assumed 'H'
Notice on line 39 in file /opt/lampp/htdocs/www/EDEN/classes/jwt.class.singleton.php
 | 29.04.2019 11:20:55  |  User:   | login | response 200
ERROR: [8] Use of undefined constant a - assumed 'a'
Notice on line 54 in file /opt/lampp/htdocs/www/EDEN/classes/jwt.class.singleton.php
 | 29.04.2019 11:20:55  |  User:   | login | response 200
ERROR: [8] Use of undefined constant n - assumed 'n'
Notice on line 36 in file /opt/lampp/htdocs/www/EDEN/classes/jwt.class.singleton.php
 | 29.04.2019 11:37:04  |  User:   | login | response 200
ERROR: [8] Use of undefined constant H - assumed 'H'
Notice on line 39 in file /opt/lampp/htdocs/www/EDEN/classes/jwt.class.singleton.php
 | 29.04.2019 11:37:04  |  User:   | login | response 200
ERROR: [8] Use of undefined constant a - assumed 'a'
Notice on line 54 in file /opt/lampp/htdocs/www/EDEN/classes/jwt.class.singleton.php
 | 29.04.2019 11:37:04  |  User:   | login | response 200
ERROR: [8] Use of undefined constant n - assumed 'n'
Notice on line 36 in file /opt/lampp/htdocs/www/EDEN/classes/jwt.class.singleton.php
 | 29.04.2019 11:37:04  |  User:   | login | response 200
ERROR: [8] Use of undefined constant H - assumed 'H'
Notice on line 39 in file /opt/lampp/htdocs/www/EDEN/classes/jwt.class.singleton.php
 | 29.04.2019 11:37:04  |  User:   | login | response 200
ERROR: [8] Use of undefined constant a - assumed 'a'
Notice on line 54 in file /opt/lampp/htdocs/www/EDEN/classes/jwt.class.singleton.php
 | 29.04.2019 11:37:04  |  User:   | login | response 200
ERROR: [8] Use of undefined constant n - assumed 'n'
Notice on line 36 in file /opt/lampp/htdocs/www/EDEN/classes/jwt.class.singleton.php
 | 29.04.2019 11:37:24  |  User:   | cart | response 200
ERROR: [8] Use of undefined constant H - assumed 'H'
Notice on line 39 in file /opt/lampp/htdocs/www/EDEN/classes/jwt.class.singleton.php
 | 29.04.2019 11:37:24  |  User:   | cart | response 200
ERROR: [8] Use of undefined constant a - assumed 'a'
Notice on line 54 in file /opt/lampp/htdocs/www/EDEN/classes/jwt.class.singleton.php
 | 29.04.2019 11:37:24  |  User:   | cart | response 200
ERROR: [8] Use of undefined constant n - assumed 'n'
Notice on line 36 in file /opt/lampp/htdocs/www/EDEN/classes/jwt.class.singleton.php
 | 29.04.2019 11:37:24  |  User:   | cart | response 200
ERROR: [8] Use of undefined constant H - assumed 'H'
Notice on line 39 in file /opt/lampp/htdocs/www/EDEN/classes/jwt.class.singleton.php
 | 29.04.2019 11:37:24  |  User:   | cart | response 200
ERROR: [8] Use of undefined constant a - assumed 'a'
Notice on line 54 in file /opt/lampp/htdocs/www/EDEN/classes/jwt.class.singleton.php
 | 29.04.2019 11:37:24  |  User:   | cart | response 200
ERROR: [8] Undefined index: muni
Notice on line 61 in file /opt/lampp/htdocs/www/EDEN/module/shop/controller/controller_shop.class.php
 | 29.04.2019 11:56:01  |  User:   | shop | response 200
ERROR: [8] Undefined index: muni
Notice on line 61 in file /opt/lampp/htdocs/www/EDEN/module/shop/controller/controller_shop.class.php
 | 29.04.2019 04:51:16  |  User:   | shop | response 200
ERROR: [8] Undefined index: muni
Notice on line 61 in file /opt/lampp/htdocs/www/EDEN/module/shop/controller/controller_shop.class.php
 | 29.04.2019 04:51:48  |  User:   | shop | response 200
ERROR: [8] Undefined index: muni
Notice on line 61 in file /opt/lampp/htdocs/www/EDEN/module/shop/controller/controller_shop.class.php
 | 29.04.2019 04:52:21  |  User:   | shop | response 200
ERROR: [8] Undefined index: muni
Notice on line 61 in file /opt/lampp/htdocs/www/EDEN/module/shop/controller/controller_shop.class.php
 | 29.04.2019 04:56:39  |  User:   | shop | response 200
ERROR: [8] Undefined variable: search
Notice on line 86 in file /opt/lampp/htdocs/www/EDEN/module/shop/controller/controller_shop.class.php
 | 29.04.2019 04:59:33  |  User:   | shop | response 200
ERROR: [8] Undefined variable: search
Notice on line 87 in file /opt/lampp/htdocs/www/EDEN/module/shop/controller/controller_shop.class.php
 | 29.04.2019 04:59:33  |  User:   | shop | response 200
ERROR: [8] Undefined variable: search
Notice on line 88 in file /opt/lampp/htdocs/www/EDEN/module/shop/controller/controller_shop.class.php
 | 29.04.2019 04:59:33  |  User:   | shop | response 200
ERROR: [8] Undefined variable: search
Notice on line 86 in file /opt/lampp/htdocs/www/EDEN/module/shop/controller/controller_shop.class.php
 | 29.04.2019 04:59:41  |  User:   | shop | response 200
ERROR: [8] Undefined variable: search
Notice on line 87 in file /opt/lampp/htdocs/www/EDEN/module/shop/controller/controller_shop.class.php
 | 29.04.2019 04:59:41  |  User:   | shop | response 200
ERROR: [8] Undefined variable: search
Notice on line 88 in file /opt/lampp/htdocs/www/EDEN/module/shop/controller/controller_shop.class.php
 | 29.04.2019 04:59:41  |  User:   | shop | response 200
ERROR: [8] Undefined variable: search
Notice on line 86 in file /opt/lampp/htdocs/www/EDEN/module/shop/controller/controller_shop.class.php
 | 29.04.2019 04:59:53  |  User:   | shop | response 200
ERROR: [8] Undefined variable: search
Notice on line 87 in file /opt/lampp/htdocs/www/EDEN/module/shop/controller/controller_shop.class.php
 | 29.04.2019 04:59:53  |  User:   | shop | response 200
ERROR: [8] Undefined variable: search
Notice on line 88 in file /opt/lampp/htdocs/www/EDEN/module/shop/controller/controller_shop.class.php
 | 29.04.2019 04:59:53  |  User:   | shop | response 200
ERROR: [8] Undefined variable: search
Notice on line 86 in file /opt/lampp/htdocs/www/EDEN/module/shop/controller/controller_shop.class.php
 | 29.04.2019 04:59:59  |  User:   | shop | response 200
ERROR: [8] Undefined variable: search
Notice on line 87 in file /opt/lampp/htdocs/www/EDEN/module/shop/controller/controller_shop.class.php
 | 29.04.2019 04:59:59  |  User:   | shop | response 200
ERROR: [8] Undefined variable: search
Notice on line 88 in file /opt/lampp/htdocs/www/EDEN/module/shop/controller/controller_shop.class.php
 | 29.04.2019 04:59:59  |  User:   | shop | response 200
ERROR: [8] Undefined variable: search
Notice on line 86 in file /opt/lampp/htdocs/www/EDEN/module/shop/controller/controller_shop.class.php
 | 29.04.2019 05:00:34  |  User:   | shop | response 200
ERROR: [8] Undefined variable: search
Notice on line 87 in file /opt/lampp/htdocs/www/EDEN/module/shop/controller/controller_shop.class.php
 | 29.04.2019 05:00:34  |  User:   | shop | response 200
ERROR: [8] Undefined variable: search
Notice on line 88 in file /opt/lampp/htdocs/www/EDEN/module/shop/controller/controller_shop.class.php
 | 29.04.2019 05:00:34  |  User:   | shop | response 200
ERROR: [8] Undefined variable: search
Notice on line 86 in file /opt/lampp/htdocs/www/EDEN/module/shop/controller/controller_shop.class.php
 | 29.04.2019 05:00:44  |  User:   | shop | response 200
ERROR: [8] Undefined variable: search
Notice on line 87 in file /opt/lampp/htdocs/www/EDEN/module/shop/controller/controller_shop.class.php
 | 29.04.2019 05:00:44  |  User:   | shop | response 200
ERROR: [8] Undefined variable: search
Notice on line 88 in file /opt/lampp/htdocs/www/EDEN/module/shop/controller/controller_shop.class.php
 | 29.04.2019 05:00:44  |  User:   | shop | response 200
ERROR: [8] Use of undefined constant n - assumed 'n'
Notice on line 36 in file /opt/lampp/htdocs/www/EDEN/classes/jwt.class.singleton.php
 | 29.04.2019 05:43:42  |  User:   | login | response 200
ERROR: [8] Use of undefined constant H - assumed 'H'
Notice on line 39 in file /opt/lampp/htdocs/www/EDEN/classes/jwt.class.singleton.php
 | 29.04.2019 05:43:42  |  User:   | login | response 200
ERROR: [8] Use of undefined constant a - assumed 'a'
Notice on line 54 in file /opt/lampp/htdocs/www/EDEN/classes/jwt.class.singleton.php
 | 29.04.2019 05:43:42  |  User:   | login | response 200
ERROR: [8] Use of undefined constant n - assumed 'n'
Notice on line 36 in file /opt/lampp/htdocs/www/EDEN/classes/jwt.class.singleton.php
 | 29.04.2019 05:43:42  |  User:   | login | response 200
ERROR: [8] Use of undefined constant H - assumed 'H'
Notice on line 39 in file /opt/lampp/htdocs/www/EDEN/classes/jwt.class.singleton.php
 | 29.04.2019 05:43:42  |  User:   | login | response 200
ERROR: [8] Use of undefined constant a - assumed 'a'
Notice on line 54 in file /opt/lampp/htdocs/www/EDEN/classes/jwt.class.singleton.php
 | 29.04.2019 05:43:42  |  User:   | login | response 200
ERROR: [8] Use of undefined constant n - assumed 'n'
Notice on line 36 in file /opt/lampp/htdocs/www/EDEN/classes/jwt.class.singleton.php
 | 29.04.2019 07:21:56  |  User:   | cart | response 200
ERROR: [8] Use of undefined constant H - assumed 'H'
Notice on line 39 in file /opt/lampp/htdocs/www/EDEN/classes/jwt.class.singleton.php
 | 29.04.2019 07:21:56  |  User:   | cart | response 200
ERROR: [8] Use of undefined constant a - assumed 'a'
Notice on line 54 in file /opt/lampp/htdocs/www/EDEN/classes/jwt.class.singleton.php
 | 29.04.2019 07:21:56  |  User:   | cart | response 200
ERROR: [8] Use of undefined constant n - assumed 'n'
Notice on line 36 in file /opt/lampp/htdocs/www/EDEN/classes/jwt.class.singleton.php
 | 29.04.2019 07:21:56  |  User:   | cart | response 200
ERROR: [8] Use of undefined constant H - assumed 'H'
Notice on line 39 in file /opt/lampp/htdocs/www/EDEN/classes/jwt.class.singleton.php
 | 29.04.2019 07:21:56  |  User:   | cart | response 200
ERROR: [8] Use of undefined constant a - assumed 'a'
Notice on line 54 in file /opt/lampp/htdocs/www/EDEN/classes/jwt.class.singleton.php
 | 29.04.2019 07:21:56  |  User:   | cart | response 200
