29/03/19 08:40:06 PM | ERROR: [8] Undefined index: va
Notice on line 31 in file /opt/lampp/htdocs/www/EDEN/module/shop/controller/controllershop.php
 | home_model | response 200
29/03/19 08:40:06 PM | ERROR: [8] Constant SITE_ROOT already defined
Notice on line 8 in file /opt/lampp/htdocs/www/EDEN/module/shop/model/model/shop_model.class.singleton.php
 | shop_model | response 200
29/03/19 08:58:40 PM | ERROR: [8] Undefined index: prov
Notice on line 32 in file /opt/lampp/htdocs/www/EDEN/module/shop/controller/controllershop.php
 | shop | response 200
29/03/19 08:59:26 PM | ERROR: [8] Undefined index: prov
Notice on line 32 in file /opt/lampp/htdocs/www/EDEN/module/shop/controller/controllershop.php
 | shop | response 200
29/03/19 09:00:51 PM | ERROR: [8] Undefined index: prov
Notice on line 32 in file /opt/lampp/htdocs/www/EDEN/module/shop/controller/controllershop.php
 | shop | response 200
29/03/19 09:01:06 PM | ERROR: [8] Undefined index: prov
Notice on line 32 in file /opt/lampp/htdocs/www/EDEN/module/shop/controller/controllershop.php
 | shop | response 200
29/03/19 09:02:28 PM | ERROR: [8] Undefined index: prov
Notice on line 32 in file /opt/lampp/htdocs/www/EDEN/module/shop/controller/controllershop.php
 | shop | response 200
29/03/19 09:02:43 PM | ERROR: [8] Undefined index: prov
Notice on line 32 in file /opt/lampp/htdocs/www/EDEN/module/shop/controller/controllershop.php
 | shop | response 200
29/03/19 09:03:37 PM | ERROR: [8] Undefined index: prov
Notice on line 32 in file /opt/lampp/htdocs/www/EDEN/module/shop/controller/controllershop.php
 | shop | response 200
29/03/19 09:03:45 PM | ERROR: [8] Undefined index: prov
Notice on line 32 in file /opt/lampp/htdocs/www/EDEN/module/shop/controller/controllershop.php
 | shop | response 200
29/03/19 09:03:54 PM | ERROR: [8] Undefined index: prov
Notice on line 32 in file /opt/lampp/htdocs/www/EDEN/module/shop/controller/controllershop.php
 | shop | response 200
29/03/19 09:04:01 PM | ERROR: [8] Undefined index: prov
Notice on line 32 in file /opt/lampp/htdocs/www/EDEN/module/shop/controller/controllershop.php
 | shop | response 200
29/03/19 09:04:11 PM | ERROR: [8] Undefined index: prov
Notice on line 32 in file /opt/lampp/htdocs/www/EDEN/module/shop/controller/controllershop.php
 | shop | response 200
28/04/19 06:41:09 PM | ERROR: [8] Undefined variable: provi
Notice on line 44 in file /opt/lampp/htdocs/www/EDEN/module/shop/controller/controller_shop.class.php
 | shop | response 200
28/04/19 07:11:38 PM | ERROR: [8] Undefined variable: provi
Notice on line 44 in file /opt/lampp/htdocs/www/EDEN/module/shop/controller/controller_shop.class.php
 | shop | response 200
28/04/19 07:13:48 PM | ERROR: [8] Undefined variable: provi
Notice on line 44 in file /opt/lampp/htdocs/www/EDEN/module/shop/controller/controller_shop.class.php
 | shop | response 200
28/04/19 07:19:36 PM | ERROR: [8] Use of undefined constant n - assumed 'n'
Notice on line 36 in file /opt/lampp/htdocs/www/EDEN/classes/jwt.class.singleton.php
 | profile | response 200
28/04/19 07:19:36 PM | ERROR: [8] Use of undefined constant H - assumed 'H'
Notice on line 39 in file /opt/lampp/htdocs/www/EDEN/classes/jwt.class.singleton.php
 | profile | response 200
28/04/19 07:19:36 PM | ERROR: [8] Use of undefined constant a - assumed 'a'
Notice on line 54 in file /opt/lampp/htdocs/www/EDEN/classes/jwt.class.singleton.php
 | profile | response 200
28/04/19 07:19:36 PM | ERROR: [8] Use of undefined constant n - assumed 'n'
Notice on line 36 in file /opt/lampp/htdocs/www/EDEN/classes/jwt.class.singleton.php
 | profile | response 200
28/04/19 07:19:36 PM | ERROR: [8] Use of undefined constant H - assumed 'H'
Notice on line 39 in file /opt/lampp/htdocs/www/EDEN/classes/jwt.class.singleton.php
 | profile | response 200
28/04/19 07:19:36 PM | ERROR: [8] Use of undefined constant a - assumed 'a'
Notice on line 54 in file /opt/lampp/htdocs/www/EDEN/classes/jwt.class.singleton.php
 | profile | response 200
28/04/19 07:19:48 PM | ERROR: [8] Undefined index: to
Notice on line 76 in file /opt/lampp/htdocs/www/EDEN/module/profile/controller/controller_profile.class.php
 | profile | response 200
28/04/19 07:22:29 PM | ERROR: [8] Undefined index: t
Notice on line 76 in file /opt/lampp/htdocs/www/EDEN/module/profile/controller/controller_profile.class.php
 | profile | response 200
28/04/19 07:27:53 PM | ERROR: [8] Use of undefined constant n - assumed 'n'
Notice on line 36 in file /opt/lampp/htdocs/www/EDEN/classes/jwt.class.singleton.php
 | profile | response 200
28/04/19 07:27:53 PM | ERROR: [8] Use of undefined constant H - assumed 'H'
Notice on line 39 in file /opt/lampp/htdocs/www/EDEN/classes/jwt.class.singleton.php
 | profile | response 200
28/04/19 07:27:53 PM | ERROR: [8] Use of undefined constant a - assumed 'a'
Notice on line 54 in file /opt/lampp/htdocs/www/EDEN/classes/jwt.class.singleton.php
 | profile | response 200
28/04/19 07:27:53 PM | ERROR: [8] Use of undefined constant n - assumed 'n'
Notice on line 36 in file /opt/lampp/htdocs/www/EDEN/classes/jwt.class.singleton.php
 | profile | response 200
28/04/19 07:27:53 PM | ERROR: [8] Use of undefined constant H - assumed 'H'
Notice on line 39 in file /opt/lampp/htdocs/www/EDEN/classes/jwt.class.singleton.php
 | profile | response 200
28/04/19 07:27:53 PM | ERROR: [8] Use of undefined constant a - assumed 'a'
Notice on line 54 in file /opt/lampp/htdocs/www/EDEN/classes/jwt.class.singleton.php
 | profile | response 200
29/04/19 10:24:41 AM | ERROR: [8] Use of undefined constant n - assumed 'n'
Notice on line 36 in file /opt/lampp/htdocs/www/EDEN/classes/jwt.class.singleton.php
 | profile | response 200
29/04/19 10:24:41 AM | ERROR: [8] Use of undefined constant H - assumed 'H'
Notice on line 39 in file /opt/lampp/htdocs/www/EDEN/classes/jwt.class.singleton.php
 | profile | response 200
29/04/19 10:24:41 AM | ERROR: [8] Use of undefined constant a - assumed 'a'
Notice on line 54 in file /opt/lampp/htdocs/www/EDEN/classes/jwt.class.singleton.php
 | profile | response 200
29/04/19 10:24:41 AM | ERROR: [8] Use of undefined constant n - assumed 'n'
Notice on line 36 in file /opt/lampp/htdocs/www/EDEN/classes/jwt.class.singleton.php
 | profile | response 200
29/04/19 10:24:41 AM | ERROR: [8] Use of undefined constant H - assumed 'H'
Notice on line 39 in file /opt/lampp/htdocs/www/EDEN/classes/jwt.class.singleton.php
 | profile | response 200
29/04/19 10:24:41 AM | ERROR: [8] Use of undefined constant a - assumed 'a'
Notice on line 54 in file /opt/lampp/htdocs/www/EDEN/classes/jwt.class.singleton.php
 | profile | response 200
29/04/19 10:25:42 AM | ERROR: [8] Use of undefined constant n - assumed 'n'
Notice on line 36 in file /opt/lampp/htdocs/www/EDEN/classes/jwt.class.singleton.php
 | profile | response 200
29/04/19 10:25:42 AM | ERROR: [8] Use of undefined constant H - assumed 'H'
Notice on line 39 in file /opt/lampp/htdocs/www/EDEN/classes/jwt.class.singleton.php
 | profile | response 200
29/04/19 10:25:42 AM | ERROR: [8] Use of undefined constant a - assumed 'a'
Notice on line 54 in file /opt/lampp/htdocs/www/EDEN/classes/jwt.class.singleton.php
 | profile | response 200
29/04/19 10:25:42 AM | ERROR: [8] Use of undefined constant n - assumed 'n'
Notice on line 36 in file /opt/lampp/htdocs/www/EDEN/classes/jwt.class.singleton.php
 | profile | response 200
29/04/19 10:25:42 AM | ERROR: [8] Use of undefined constant H - assumed 'H'
Notice on line 39 in file /opt/lampp/htdocs/www/EDEN/classes/jwt.class.singleton.php
 | profile | response 200
29/04/19 10:25:42 AM | ERROR: [8] Use of undefined constant a - assumed 'a'
Notice on line 54 in file /opt/lampp/htdocs/www/EDEN/classes/jwt.class.singleton.php
 | profile | response 200
29/04/19 10:26:43 AM | ERROR: [8] Undefined index: muni
Notice on line 61 in file /opt/lampp/htdocs/www/EDEN/module/shop/controller/controller_shop.class.php
 | shop | response 200
29/04/19 11:20:55 AM | ERROR: [8] Use of undefined constant n - assumed 'n'
Notice on line 36 in file /opt/lampp/htdocs/www/EDEN/classes/jwt.class.singleton.php
 | login | response 200
29/04/19 11:20:55 AM | ERROR: [8] Use of undefined constant H - assumed 'H'
Notice on line 39 in file /opt/lampp/htdocs/www/EDEN/classes/jwt.class.singleton.php
 | login | response 200
29/04/19 11:20:55 AM | ERROR: [8] Use of undefined constant a - assumed 'a'
Notice on line 54 in file /opt/lampp/htdocs/www/EDEN/classes/jwt.class.singleton.php
 | login | response 200
29/04/19 11:20:55 AM | ERROR: [8] Use of undefined constant n - assumed 'n'
Notice on line 36 in file /opt/lampp/htdocs/www/EDEN/classes/jwt.class.singleton.php
 | login | response 200
29/04/19 11:20:55 AM | ERROR: [8] Use of undefined constant H - assumed 'H'
Notice on line 39 in file /opt/lampp/htdocs/www/EDEN/classes/jwt.class.singleton.php
 | login | response 200
29/04/19 11:20:55 AM | ERROR: [8] Use of undefined constant a - assumed 'a'
Notice on line 54 in file /opt/lampp/htdocs/www/EDEN/classes/jwt.class.singleton.php
 | login | response 200
29/04/19 11:37:04 AM | ERROR: [8] Use of undefined constant n - assumed 'n'
Notice on line 36 in file /opt/lampp/htdocs/www/EDEN/classes/jwt.class.singleton.php
 | login | response 200
29/04/19 11:37:04 AM | ERROR: [8] Use of undefined constant H - assumed 'H'
Notice on line 39 in file /opt/lampp/htdocs/www/EDEN/classes/jwt.class.singleton.php
 | login | response 200
29/04/19 11:37:04 AM | ERROR: [8] Use of undefined constant a - assumed 'a'
Notice on line 54 in file /opt/lampp/htdocs/www/EDEN/classes/jwt.class.singleton.php
 | login | response 200
29/04/19 11:37:04 AM | ERROR: [8] Use of undefined constant n - assumed 'n'
Notice on line 36 in file /opt/lampp/htdocs/www/EDEN/classes/jwt.class.singleton.php
 | login | response 200
29/04/19 11:37:04 AM | ERROR: [8] Use of undefined constant H - assumed 'H'
Notice on line 39 in file /opt/lampp/htdocs/www/EDEN/classes/jwt.class.singleton.php
 | login | response 200
29/04/19 11:37:04 AM | ERROR: [8] Use of undefined constant a - assumed 'a'
Notice on line 54 in file /opt/lampp/htdocs/www/EDEN/classes/jwt.class.singleton.php
 | login | response 200
29/04/19 11:37:24 AM | ERROR: [8] Use of undefined constant n - assumed 'n'
Notice on line 36 in file /opt/lampp/htdocs/www/EDEN/classes/jwt.class.singleton.php
 | cart | response 200
29/04/19 11:37:24 AM | ERROR: [8] Use of undefined constant H - assumed 'H'
Notice on line 39 in file /opt/lampp/htdocs/www/EDEN/classes/jwt.class.singleton.php
 | cart | response 200
29/04/19 11:37:24 AM | ERROR: [8] Use of undefined constant a - assumed 'a'
Notice on line 54 in file /opt/lampp/htdocs/www/EDEN/classes/jwt.class.singleton.php
 | cart | response 200
29/04/19 11:37:24 AM | ERROR: [8] Use of undefined constant n - assumed 'n'
Notice on line 36 in file /opt/lampp/htdocs/www/EDEN/classes/jwt.class.singleton.php
 | cart | response 200
29/04/19 11:37:24 AM | ERROR: [8] Use of undefined constant H - assumed 'H'
Notice on line 39 in file /opt/lampp/htdocs/www/EDEN/classes/jwt.class.singleton.php
 | cart | response 200
29/04/19 11:37:24 AM | ERROR: [8] Use of undefined constant a - assumed 'a'
Notice on line 54 in file /opt/lampp/htdocs/www/EDEN/classes/jwt.class.singleton.php
 | cart | response 200
29/04/19 11:56:01 AM | ERROR: [8] Undefined index: muni
Notice on line 61 in file /opt/lampp/htdocs/www/EDEN/module/shop/controller/controller_shop.class.php
 | shop | response 200
29/04/19 04:51:16 PM | ERROR: [8] Undefined index: muni
Notice on line 61 in file /opt/lampp/htdocs/www/EDEN/module/shop/controller/controller_shop.class.php
 | shop | response 200
29/04/19 04:51:48 PM | ERROR: [8] Undefined index: muni
Notice on line 61 in file /opt/lampp/htdocs/www/EDEN/module/shop/controller/controller_shop.class.php
 | shop | response 200
29/04/19 04:52:21 PM | ERROR: [8] Undefined index: muni
Notice on line 61 in file /opt/lampp/htdocs/www/EDEN/module/shop/controller/controller_shop.class.php
 | shop | response 200
29/04/19 04:56:39 PM | ERROR: [8] Undefined index: muni
Notice on line 61 in file /opt/lampp/htdocs/www/EDEN/module/shop/controller/controller_shop.class.php
 | shop | response 200
29/04/19 04:59:33 PM | ERROR: [8] Undefined variable: search
Notice on line 86 in file /opt/lampp/htdocs/www/EDEN/module/shop/controller/controller_shop.class.php
 | shop | response 200
29/04/19 04:59:33 PM | ERROR: [8] Undefined variable: search
Notice on line 87 in file /opt/lampp/htdocs/www/EDEN/module/shop/controller/controller_shop.class.php
 | shop | response 200
29/04/19 04:59:33 PM | ERROR: [8] Undefined variable: search
Notice on line 88 in file /opt/lampp/htdocs/www/EDEN/module/shop/controller/controller_shop.class.php
 | shop | response 200
29/04/19 04:59:41 PM | ERROR: [8] Undefined variable: search
Notice on line 86 in file /opt/lampp/htdocs/www/EDEN/module/shop/controller/controller_shop.class.php
 | shop | response 200
29/04/19 04:59:41 PM | ERROR: [8] Undefined variable: search
Notice on line 87 in file /opt/lampp/htdocs/www/EDEN/module/shop/controller/controller_shop.class.php
 | shop | response 200
29/04/19 04:59:41 PM | ERROR: [8] Undefined variable: search
Notice on line 88 in file /opt/lampp/htdocs/www/EDEN/module/shop/controller/controller_shop.class.php
 | shop | response 200
29/04/19 04:59:53 PM | ERROR: [8] Undefined variable: search
Notice on line 86 in file /opt/lampp/htdocs/www/EDEN/module/shop/controller/controller_shop.class.php
 | shop | response 200
29/04/19 04:59:53 PM | ERROR: [8] Undefined variable: search
Notice on line 87 in file /opt/lampp/htdocs/www/EDEN/module/shop/controller/controller_shop.class.php
 | shop | response 200
29/04/19 04:59:53 PM | ERROR: [8] Undefined variable: search
Notice on line 88 in file /opt/lampp/htdocs/www/EDEN/module/shop/controller/controller_shop.class.php
 | shop | response 200
29/04/19 04:59:59 PM | ERROR: [8] Undefined variable: search
Notice on line 86 in file /opt/lampp/htdocs/www/EDEN/module/shop/controller/controller_shop.class.php
 | shop | response 200
29/04/19 04:59:59 PM | ERROR: [8] Undefined variable: search
Notice on line 87 in file /opt/lampp/htdocs/www/EDEN/module/shop/controller/controller_shop.class.php
 | shop | response 200
29/04/19 04:59:59 PM | ERROR: [8] Undefined variable: search
Notice on line 88 in file /opt/lampp/htdocs/www/EDEN/module/shop/controller/controller_shop.class.php
 | shop | response 200
29/04/19 05:00:34 PM | ERROR: [8] Undefined variable: search
Notice on line 86 in file /opt/lampp/htdocs/www/EDEN/module/shop/controller/controller_shop.class.php
 | shop | response 200
29/04/19 05:00:34 PM | ERROR: [8] Undefined variable: search
Notice on line 87 in file /opt/lampp/htdocs/www/EDEN/module/shop/controller/controller_shop.class.php
 | shop | response 200
29/04/19 05:00:34 PM | ERROR: [8] Undefined variable: search
Notice on line 88 in file /opt/lampp/htdocs/www/EDEN/module/shop/controller/controller_shop.class.php
 | shop | response 200
29/04/19 05:00:44 PM | ERROR: [8] Undefined variable: search
Notice on line 86 in file /opt/lampp/htdocs/www/EDEN/module/shop/controller/controller_shop.class.php
 | shop | response 200
29/04/19 05:00:44 PM | ERROR: [8] Undefined variable: search
Notice on line 87 in file /opt/lampp/htdocs/www/EDEN/module/shop/controller/controller_shop.class.php
 | shop | response 200
29/04/19 05:00:44 PM | ERROR: [8] Undefined variable: search
Notice on line 88 in file /opt/lampp/htdocs/www/EDEN/module/shop/controller/controller_shop.class.php
 | shop | response 200
29/04/19 05:43:42 PM | ERROR: [8] Use of undefined constant n - assumed 'n'
Notice on line 36 in file /opt/lampp/htdocs/www/EDEN/classes/jwt.class.singleton.php
 | login | response 200
29/04/19 05:43:42 PM | ERROR: [8] Use of undefined constant H - assumed 'H'
Notice on line 39 in file /opt/lampp/htdocs/www/EDEN/classes/jwt.class.singleton.php
 | login | response 200
29/04/19 05:43:42 PM | ERROR: [8] Use of undefined constant a - assumed 'a'
Notice on line 54 in file /opt/lampp/htdocs/www/EDEN/classes/jwt.class.singleton.php
 | login | response 200
29/04/19 05:43:42 PM | ERROR: [8] Use of undefined constant n - assumed 'n'
Notice on line 36 in file /opt/lampp/htdocs/www/EDEN/classes/jwt.class.singleton.php
 | login | response 200
29/04/19 05:43:42 PM | ERROR: [8] Use of undefined constant H - assumed 'H'
Notice on line 39 in file /opt/lampp/htdocs/www/EDEN/classes/jwt.class.singleton.php
 | login | response 200
29/04/19 05:43:42 PM | ERROR: [8] Use of undefined constant a - assumed 'a'
Notice on line 54 in file /opt/lampp/htdocs/www/EDEN/classes/jwt.class.singleton.php
 | login | response 200
29/04/19 07:21:56 PM | ERROR: [8] Use of undefined constant n - assumed 'n'
Notice on line 36 in file /opt/lampp/htdocs/www/EDEN/classes/jwt.class.singleton.php
 | cart | response 200
29/04/19 07:21:56 PM | ERROR: [8] Use of undefined constant H - assumed 'H'
Notice on line 39 in file /opt/lampp/htdocs/www/EDEN/classes/jwt.class.singleton.php
 | cart | response 200
29/04/19 07:21:56 PM | ERROR: [8] Use of undefined constant a - assumed 'a'
Notice on line 54 in file /opt/lampp/htdocs/www/EDEN/classes/jwt.class.singleton.php
 | cart | response 200
29/04/19 07:21:56 PM | ERROR: [8] Use of undefined constant n - assumed 'n'
Notice on line 36 in file /opt/lampp/htdocs/www/EDEN/classes/jwt.class.singleton.php
 | cart | response 200
29/04/19 07:21:56 PM | ERROR: [8] Use of undefined constant H - assumed 'H'
Notice on line 39 in file /opt/lampp/htdocs/www/EDEN/classes/jwt.class.singleton.php
 | cart | response 200
29/04/19 07:21:56 PM | ERROR: [8] Use of undefined constant a - assumed 'a'
Notice on line 54 in file /opt/lampp/htdocs/www/EDEN/classes/jwt.class.singleton.php
 | cart | response 200
29/04/19 10:37:05 PM | ERROR: [8] Undefined offset: 0
Notice on line 24 in file /opt/lampp/htdocs/www/EDEN/module/profile/model/DAO/profile_dao.class.singleton.php
 | profile | response 200
29/04/19 10:39:09 PM | ERROR: [8] Undefined offset: 0
Notice on line 24 in file /opt/lampp/htdocs/www/EDEN/module/profile/model/DAO/profile_dao.class.singleton.php
 | profile | response 200
29/04/19 10:39:20 PM | ERROR: [8] Undefined offset: 0
Notice on line 101 in file /opt/lampp/htdocs/www/EDEN/module/cart/model/DAO/cart_dao.class.singleton.php
 | cart | response 200
29/04/19 10:39:20 PM | ERROR: [8] Undefined offset: 0
Notice on line 22 in file /opt/lampp/htdocs/www/EDEN/module/cart/model/DAO/cart_dao.class.singleton.php
 | cart | response 200
29/04/19 10:40:46 PM | ERROR: [8] Undefined offset: 0
Notice on line 101 in file /opt/lampp/htdocs/www/EDEN/module/cart/model/DAO/cart_dao.class.singleton.php
 | cart | response 200
29/04/19 10:40:46 PM | ERROR: [8] Undefined offset: 0
Notice on line 22 in file /opt/lampp/htdocs/www/EDEN/module/cart/model/DAO/cart_dao.class.singleton.php
 | cart | response 200
29/04/19 10:41:16 PM | ERROR: [8] Undefined variable: user
Notice on line 60 in file /opt/lampp/htdocs/www/EDEN/module/profile/model/DAO/profile_dao.class.singleton.php
 | profile | response 200
29/04/19 10:41:16 PM | ERROR: [8] Undefined variable: token
Notice on line 60 in file /opt/lampp/htdocs/www/EDEN/module/profile/model/DAO/profile_dao.class.singleton.php
 | profile | response 200
29/04/19 10:45:58 PM | ERROR: [8] Undefined variable: user
Notice on line 60 in file /opt/lampp/htdocs/www/EDEN/module/profile/model/DAO/profile_dao.class.singleton.php
 | profile | response 200
29/04/19 10:45:58 PM | ERROR: [8] Undefined variable: token
Notice on line 60 in file /opt/lampp/htdocs/www/EDEN/module/profile/model/DAO/profile_dao.class.singleton.php
 | profile | response 200
29/04/19 10:47:39 PM | ERROR: [8] Undefined offset: 0
Notice on line 101 in file /opt/lampp/htdocs/www/EDEN/module/cart/model/DAO/cart_dao.class.singleton.php
 | cart | response 200
29/04/19 10:47:39 PM | ERROR: [8] Undefined offset: 0
Notice on line 22 in file /opt/lampp/htdocs/www/EDEN/module/cart/model/DAO/cart_dao.class.singleton.php
 | cart | response 200
29/04/19 10:48:56 PM | ERROR: [8] Undefined variable: user
Notice on line 60 in file /opt/lampp/htdocs/www/EDEN/module/profile/model/DAO/profile_dao.class.singleton.php
 | profile | response 200
29/04/19 10:48:56 PM | ERROR: [8] Undefined variable: token
Notice on line 60 in file /opt/lampp/htdocs/www/EDEN/module/profile/model/DAO/profile_dao.class.singleton.php
 | profile | response 200
29/04/19 10:49:53 PM | ERROR: [8] Undefined offset: 0
Notice on line 101 in file /opt/lampp/htdocs/www/EDEN/module/cart/model/DAO/cart_dao.class.singleton.php
 | cart | response 200
29/04/19 10:49:53 PM | ERROR: [8] Undefined offset: 0
Notice on line 22 in file /opt/lampp/htdocs/www/EDEN/module/cart/model/DAO/cart_dao.class.singleton.php
 | cart | response 200
29/04/19 10:55:22 PM | ERROR: [8] Undefined variable: token
Notice on line 61 in file /opt/lampp/htdocs/www/EDEN/module/profile/model/DAO/profile_dao.class.singleton.php
 | profile | response 200
29/04/19 10:57:16 PM | ERROR: [8] Undefined variable: token
Notice on line 61 in file /opt/lampp/htdocs/www/EDEN/module/profile/model/DAO/profile_dao.class.singleton.php
 | profile | response 200
29/04/19 10:59:07 PM | ERROR: [8] Undefined offset: 0
Notice on line 24 in file /opt/lampp/htdocs/www/EDEN/module/profile/model/DAO/profile_dao.class.singleton.php
 | profile | response 200
29/04/19 11:01:08 PM | ERROR: [8] Undefined offset: 0
Notice on line 24 in file /opt/lampp/htdocs/www/EDEN/module/profile/model/DAO/profile_dao.class.singleton.php
 | profile | response 200
29/04/19 11:01:16 PM | ERROR: [8] Undefined offset: 0
Notice on line 101 in file /opt/lampp/htdocs/www/EDEN/module/cart/model/DAO/cart_dao.class.singleton.php
 | cart | response 200
29/04/19 11:01:16 PM | ERROR: [8] Undefined offset: 0
Notice on line 22 in file /opt/lampp/htdocs/www/EDEN/module/cart/model/DAO/cart_dao.class.singleton.php
 | cart | response 200
